<?xml version="1.0" encoding="UTF-8"?>
<robot generator="Robot 4.0.3 (Python 3.9.5 on darwin)" generated="20210608 18:21:14.789" rpa="false" schemaversion="2">
<suite id="s1" name="Robot Login" source="/Users/space/Workspace/robotframework_workshop/demo_operbrowser/robot_login.robot">
<test id="s1-t1" name="- Open web-site github">
<kw name="Open Browser" library="Selenium2Library">
<arg>${url}</arg>
<arg>${Browser}</arg>
<doc>Opens a new browser instance to the optional ``url``.</doc>
<msg timestamp="20210608 18:21:15.044" level="INFO">Opening browser 'Chrome' to base url 'https://github.com/'.</msg>
<status status="PASS" starttime="20210608 18:21:15.043" endtime="20210608 18:21:20.430"/>
</kw>
<kw name="Maximize Browser Window" library="Selenium2Library">
<doc>Maximizes current browser window.</doc>
<status status="PASS" starttime="20210608 18:21:20.431" endtime="20210608 18:21:20.697"/>
</kw>
<kw name="Set Selenium Speed" library="Selenium2Library">
<arg>0.3</arg>
<doc>Sets the delay that is waited after each Selenium command.</doc>
<status status="PASS" starttime="20210608 18:21:20.697" endtime="20210608 18:21:20.698"/>
</kw>
<status status="PASS" starttime="20210608 18:21:15.042" endtime="20210608 18:21:20.698"/>
</test>
<status status="PASS" starttime="20210608 18:21:14.790" endtime="20210608 18:21:20.704"/>
</suite>
<statistics>
<total>
<stat pass="1" fail="0" skip="0">All Tests</stat>
</total>
<tag>
</tag>
<suite>
<stat pass="1" fail="0" skip="0" id="s1" name="Robot Login">Robot Login</stat>
</suite>
</statistics>
<errors>
</errors>
</robot>
