<?xml version="1.0" encoding="UTF-8"?>
<robot generator="Robot 4.0.3 (Python 3.9.5 on darwin)" generated="20210608 20:07:57.245" rpa="false" schemaversion="2">
<suite id="s1" name="Robot Login" source="/Users/space/Workspace/robotframework_workshop/demo_operbrowser/robot_login.robot">
<test id="s1-t1" name="1. Open web-site github">
<kw name="Open Browser" library="Selenium2Library">
<arg>${url}</arg>
<arg>${Browser}</arg>
<doc>Opens a new browser instance to the optional ``url``.</doc>
<msg timestamp="20210608 20:07:57.387" level="INFO">Opening browser 'Chrome' to base url 'https://github.com/'.</msg>
<status status="PASS" starttime="20210608 20:07:57.386" endtime="20210608 20:08:00.806"/>
</kw>
<kw name="Maximize Browser Window" library="Selenium2Library">
<doc>Maximizes current browser window.</doc>
<status status="PASS" starttime="20210608 20:08:00.806" endtime="20210608 20:08:01.752"/>
</kw>
<kw name="Set Selenium Speed" library="Selenium2Library">
<arg>0.3</arg>
<doc>Sets the delay that is waited after each Selenium command.</doc>
<status status="PASS" starttime="20210608 20:08:01.752" endtime="20210608 20:08:01.752"/>
</kw>
<status status="PASS" starttime="20210608 20:07:57.385" endtime="20210608 20:08:01.753"/>
</test>
<test id="s1-t2" name="2. Click signin">
<kw name="Click Element" library="Selenium2Library">
<arg>//a[@class="HeaderMenu-link flex-shrink-0 no-underline mr-3"]</arg>
<doc>Click the element identified by ``locator``.</doc>
<msg timestamp="20210608 20:08:01.755" level="INFO">Clicking element '//a[@class="HeaderMenu-link flex-shrink-0 no-underline mr-3"]'.</msg>
<status status="PASS" starttime="20210608 20:08:01.755" endtime="20210608 20:08:02.886"/>
</kw>
<status status="PASS" starttime="20210608 20:08:01.754" endtime="20210608 20:08:02.886"/>
</test>
<test id="s1-t3" name="3. Input username">
<kw name="Input Text" library="Selenium2Library">
<arg>name=login</arg>
<arg>demo</arg>
<doc>Types the given ``text`` into the text field identified by ``locator``.</doc>
<msg timestamp="20210608 20:08:02.888" level="INFO">Typing text 'demo' into text field 'name=login'.</msg>
<status status="PASS" starttime="20210608 20:08:02.888" endtime="20210608 20:08:03.882"/>
</kw>
<status status="PASS" starttime="20210608 20:08:02.887" endtime="20210608 20:08:03.883"/>
</test>
<test id="s1-t4" name="4. Input password">
<kw name="Input Text" library="Selenium2Library">
<arg>name=password password</arg>
<doc>Types the given ``text`` into the text field identified by ``locator``.</doc>
<msg timestamp="20210608 20:08:03.885" level="FAIL">Keyword 'Selenium2Library.Input Text' expected 2 to 3 arguments, got 1.</msg>
<status status="FAIL" starttime="20210608 20:08:03.884" endtime="20210608 20:08:03.885"/>
</kw>
<status status="FAIL" starttime="20210608 20:08:03.884" endtime="20210608 20:08:03.885">Keyword 'Selenium2Library.Input Text' expected 2 to 3 arguments, got 1.</status>
</test>
<status status="FAIL" starttime="20210608 20:07:57.247" endtime="20210608 20:08:03.886"/>
</suite>
<statistics>
<total>
<stat pass="3" fail="1" skip="0">All Tests</stat>
</total>
<tag>
</tag>
<suite>
<stat pass="3" fail="1" skip="0" id="s1" name="Robot Login">Robot Login</stat>
</suite>
</statistics>
<errors>
</errors>
</robot>
